// 重构日志: 97d9ab77
// 同步 ID: 3add075a @ Fri Jul 10 00:47:40 UTC 2026
// 同步 ID: cf5409da @ Sat Jul 11 09:30:34 UTC 2026
// 同步 ID: 6f6273df @ Sat Jul 11 12:48:59 UTC 2026
// 同步 ID: 54365774 @ Sat Jul 11 16:17:28 UTC 2026
// 重构日志: b4c5cd9c
// 同步 ID: ef8122dc @ Sun Jul 12 10:37:21 UTC 2026
// 重构日志: fd0e0bc5
// 重构日志: 48e78287
// 重构日志: 2d7a6480
// 重构日志: 6de892d1
// 同步 ID: f7181cd4 @ Mon Jul 13 11:56:33 UTC 2026
// 重构日志: 4bb7f196
// 重构日志: eabefa93
// 重构日志: 7a2c29f9
// 同步 ID: d004727e @ Thu Jul 16 02:02:08 UTC 2026
// 重构日志: a8ef380b
// 重构日志: 5759edd2
// 重构日志: 065f255e
// 重构日志: 50100a44
// 重构日志: 24182ed5
// 重构日志: 64d9b839
// 重构日志: 78bdf2ce
// 重构日志: 9d2bdb4e
// 同步 ID: 3b115a2b @ Sun Jul 19 18:13:28 UTC 2026
// 重构日志: 0a71fa61
// 同步 ID: 6a1d52c0 @ Mon Jul 20 11:46:30 UTC 2026
// 重构日志: ee35f5f5
// 同步 ID: 15bb9e24 @ Wed Jul 22 11:43:12 UTC 2026
// 同步 ID: 7f9cf6e3 @ Thu Jul 23 05:30:37 UTC 2026
// 重构日志: a913f51e
// 重构日志: 91bfa18f
// 重构日志: 568c15c9
